[452385188833143606650020788792150302681695320770199247839429027504044657890, 89851348371225124511087888137436719091727349657635527338375374325237406406, 1089974758560860190670939549663479607972278066657228352985505569812783310843, 3511603680652819315159512264627313949413232412493087618568716341925027551381, 74168106332776543803679755343553509320327216054292138355475793067131108986, 712730369212649401599582154587278289724262079847619466250461974481240603296, 586714531672479590818821291448383986189209949261099279456077886334843119925, 475745833312593915845895015806524492485215265854669587702838880447020265757, 2191054885994410166464502106993612744376379798364929867296020584740574961938, 1191467368941762710387265906518241181569819997931400648811714908234506923785, 2916493725880625661347300700969250992743239590016080992936166765551048157830, 1134836839627104386835286242648007279915563181798864585142378749780554986880, 2237482661390184695875551445669686485159444378852808011838353933233009938856, 3609800012984494394589060975760707411577688046134476851324662783621590618621]
Warning: There are only 1976 cells to fill the range checks holes, but potentially 32796 are required. Increasing number of steps.
Warning: There are only 4024 cells to fill the range checks holes, but potentially 32796 are required. Increasing number of steps.
Warning: There are only 8120 cells to fill the range checks holes, but potentially 32796 are required. Increasing number of steps.
Warning: There are only 16312 cells to fill the range checks holes, but potentially 32796 are required. Increasing number of steps.
Warning: There are only 32696 cells to fill the range checks holes, but potentially 32796 are required. Increasing number of steps.
Warning: There are only 61440 cells to fill the diluted check holes, but potentially 65536 are required. Increasing number of steps.
Program output:
  382450030162484995497251732956824096484321811411123989415157331925872358847
  988080400528720010398639244351885480706475299330001427790099377094461351470
  1
  4
  634306739949742716583806688100135833050271285564455149587510023846383527983
  10
  144

Number of steps: 131072 (originally, 1782)
Used memory cells: 2338
Register values after execution:
pc = 0:4
ap = 1:1386
fp = 1:2


Builtin usage:
output_builtin                 100.00% (used 7 cells)
pedersen_builtin                 1.22% (used 150 cells)
range_check_builtin              0.11% (used 9 cells)
ecdsa_builtin                    0.00% (used 0 cells)
bitwise_builtin                  0.00% (used 0 cells)
ec_op_builtin                    0.00% (used 0 cells)
poseidon_builtin                 0.00% (used 0 cells)

 b''
